Determining if the pthread_create exist failed with the following output:
Change Dir: /home/billapi/4-extra-joystick/build/CMakeFiles/CMakeTmp

Run Build Command:"/usr/bin/make" "cmTC_9099e/fast"
/usr/bin/make -f CMakeFiles/cmTC_9099e.dir/build.make CMakeFiles/cmTC_9099e.dir/build
make[1]: Entering directory '/home/billapi/4-extra-joystick/build/CMakeFiles/CMakeTmp'
Building C object CMakeFiles/cmTC_9099e.dir/CheckSymbolExists.c.o
/usr/bin/cc    -o CMakeFiles/cmTC_9099e.dir/CheckSymbolExists.c.o   -c /home/billapi/4-extra-joystick/build/CMakeFiles/CMakeTmp/CheckSymbolExists.c
Linking C executable cmTC_9099e
/usr/bin/cmake -E cmake_link_script CMakeFiles/cmTC_9099e.dir/link.txt --verbose=1
/usr/bin/cc      -rdynamic CMakeFiles/cmTC_9099e.dir/CheckSymbolExists.c.o  -o cmTC_9099e 
CMakeFiles/cmTC_9099e.dir/CheckSymbolExists.c.o: In function `main':
CheckSymbolExists.c:(.text+0x1b): undefined reference to `pthread_create'
collect2: error: ld returned 1 exit status
CMakeFiles/cmTC_9099e.dir/build.make:97: recipe for target 'cmTC_9099e' failed
make[1]: *** [cmTC_9099e] Error 1
make[1]: Leaving directory '/home/billapi/4-extra-joystick/build/CMakeFiles/CMakeTmp'
Makefile:126: recipe for target 'cmTC_9099e/fast' failed
make: *** [cmTC_9099e/fast] Error 2

File /home/billapi/4-extra-joystick/build/CMakeFiles/CMakeTmp/CheckSymbolExists.c:
/* */
#include <pthread.h>

int main(int argc, char** argv)
{
  (void)argv;
#ifndef pthread_create
  return ((int*)(&pthread_create))[argc];
#else
  (void)argc;
  return 0;
#endif
}

Determining if the function pthread_create exists in the pthreads failed with the following output:
Change Dir: /home/billapi/4-extra-joystick/build/CMakeFiles/CMakeTmp

Run Build Command:"/usr/bin/make" "cmTC_fb0c2/fast"
/usr/bin/make -f CMakeFiles/cmTC_fb0c2.dir/build.make CMakeFiles/cmTC_fb0c2.dir/build
make[1]: Entering directory '/home/billapi/4-extra-joystick/build/CMakeFiles/CMakeTmp'
Building C object CMakeFiles/cmTC_fb0c2.dir/CheckFunctionExists.c.o
/usr/bin/cc   -DCHECK_FUNCTION_EXISTS=pthread_create   -o CMakeFiles/cmTC_fb0c2.dir/CheckFunctionExists.c.o   -c /usr/share/cmake-3.10/Modules/CheckFunctionExists.c
Linking C executable cmTC_fb0c2
/usr/bin/cmake -E cmake_link_script CMakeFiles/cmTC_fb0c2.dir/link.txt --verbose=1
/usr/bin/cc  -DCHECK_FUNCTION_EXISTS=pthread_create    -rdynamic CMakeFiles/cmTC_fb0c2.dir/CheckFunctionExists.c.o  -o cmTC_fb0c2 -lpthreads 
/usr/bin/ld: cannot find -lpthreads
collect2: error: ld returned 1 exit status
CMakeFiles/cmTC_fb0c2.dir/build.make:97: recipe for target 'cmTC_fb0c2' failed
make[1]: *** [cmTC_fb0c2] Error 1
make[1]: Leaving directory '/home/billapi/4-extra-joystick/build/CMakeFiles/CMakeTmp'
Makefile:126: recipe for target 'cmTC_fb0c2/fast' failed
make: *** [cmTC_fb0c2/fast] Error 2


